Arguments: 
  /home/jonathan/.nvm/versions/node/v10.15.3/bin/node /usr/share/yarn/bin/yarn.js add express

PATH: 
  /home/jonathan/.nvm/versions/node/v10.15.3/bin:/usr/local/sbin:/usr/local/bin:/usr/sbin:/usr/bin:/sbin:/bin:/usr/games:/usr/local/games:/snap/bin

Yarn version: 
  1.17.3

Node version: 
  10.15.3

Platform: 
  linux x64

Trace: 
  SyntaxError: /home/jonathan/Documentos/bootcamp2019/modulo01/package.json: Unexpected token / in JSON at position 90
      at JSON.parse (<anonymous>)
      at /usr/share/yarn/lib/cli.js:1625:59
      at Generator.next (<anonymous>)
      at step (/usr/share/yarn/lib/cli.js:304:30)
      at /usr/share/yarn/lib/cli.js:315:13

npm manifest: 
  {
    "name": "modulo01",
    "version": "1.0.0",
    "main": "index.js",
    "license": "MIT"
  }
  
  /*Esses campos são utilizados quando a biblioteca for usada por outras pessoas.*/

yarn manifest: 
  No manifest

Lockfile: 
  No lockfile
